<?xml version="1.0" encoding="UTF-8"?>
<!-- Generated by org.testng.reporters.JUnitReportReporter -->
<testsuite hostname="DESKTOP-A3IKBOH" failures="0" tests="1" name="tests.TestGetandPost" time="2.562" errors="0" timestamp="2024-06-22T22:31:25 IST" skipped="0">
  <testcase classname="tests.TestGetandPost" name="Test_01" time="2.562"/>
</testsuite> <!-- tests.TestGetandPost -->
