<?xml version="1.0" encoding="UTF-8"?>
<!-- Generated by org.testng.reporters.JUnitReportReporter -->
<testsuite hostname="DESKTOP-A3IKBOH" failures="0" tests="3" name="tests.PutPostPatchExamples" time="3.828" errors="0" timestamp="2024-06-22T23:04:08 IST" skipped="0">
  <testcase classname="tests.PutPostPatchExamples" name="patch_Example" time="0.405"/>
  <testcase classname="tests.PutPostPatchExamples" name="delete_Example" time="0.595"/>
  <testcase classname="tests.PutPostPatchExamples" name="TestCaePut_01" time="2.828"/>
</testsuite> <!-- tests.PutPostPatchExamples -->
