<?xml version="1.0" encoding="UTF-8"?>
<!-- Generated by org.testng.reporters.JUnitReportReporter -->
<testsuite hostname="DESKTOP-A3IKBOH" failures="0" tests="1" name="tests.JsonSchemavalidate" time="2.333" errors="0" timestamp="2024-06-25T09:28:13 IST" skipped="0">
  <testcase classname="tests.JsonSchemavalidate" name="jsonschemavalidation" time="2.333"/>
</testsuite> <!-- tests.JsonSchemavalidate -->
