<?xml version="1.0" encoding="UTF-8"?>
<!-- Generated by org.testng.reporters.JUnitReportReporter -->
<testsuite hostname="DESKTOP-A3IKBOH" failures="0" tests="1" name="tests.TestinLocal" time="1.668" errors="0" timestamp="2024-06-25T07:36:29 IST" skipped="0">
  <testcase classname="tests.TestinLocal" name="Test_patch" time="1.668"/>
</testsuite> <!-- tests.TestinLocal -->
